Copyright 1986-2020 Xilinx, Inc. All Rights Reserved.
-----------------------------------------------------------------------------------------------------------------
| Tool Version : Vivado v.2020.1.1 (lin64) Build 2960000 Wed Aug  5 22:57:21 MDT 2020
| Date         : Wed Feb 10 15:36:20 2021
| Host         : edev running 64-bit Ubuntu 18.04.5 LTS
| Command      : report_utilization -file system_top_utilization_placed.rpt -pb system_top_utilization_placed.pb
| Design       : system_top
| Device       : xczu6egffvc900-1
| Design State : Fully Placed
-----------------------------------------------------------------------------------------------------------------

Utilization Design Information

Table of Contents
-----------------
1. CLB Logic
1.1 Summary of Registers by Type
2. CLB Logic Distribution
3. BLOCKRAM
4. ARITHMETIC
5. I/O
6. CLOCK
7. ADVANCED
8. CONFIGURATION
9. Primitives
10. Black Boxes
11. Instantiated Netlists

1. CLB Logic
------------

+----------------------------+-------+-------+-----------+-------+
|          Site Type         |  Used | Fixed | Available | Util% |
+----------------------------+-------+-------+-----------+-------+
| CLB LUTs                   | 14772 |     0 |    214604 |  6.88 |
|   LUT as Logic             | 12334 |     0 |    214604 |  5.75 |
|   LUT as Memory            |  2438 |     0 |    144000 |  1.69 |
|     LUT as Distributed RAM |  1164 |     0 |           |       |
|     LUT as Shift Register  |  1274 |     0 |           |       |
| CLB Registers              | 20482 |     0 |    429208 |  4.77 |
|   Register as Flip Flop    | 20482 |     0 |    429208 |  4.77 |
|   Register as Latch        |     0 |     0 |    429208 |  0.00 |
| CARRY8                     |   207 |     0 |     34260 |  0.60 |
| F7 Muxes                   |   189 |     0 |    137040 |  0.14 |
| F8 Muxes                   |     2 |     0 |     68520 | <0.01 |
| F9 Muxes                   |     0 |     0 |     34260 |  0.00 |
+----------------------------+-------+-------+-----------+-------+


1.1 Summary of Registers by Type
--------------------------------

+-------+--------------+-------------+--------------+
| Total | Clock Enable | Synchronous | Asynchronous |
+-------+--------------+-------------+--------------+
| 0     |            _ |           - |            - |
| 0     |            _ |           - |          Set |
| 0     |            _ |           - |        Reset |
| 0     |            _ |         Set |            - |
| 0     |            _ |       Reset |            - |
| 0     |          Yes |           - |            - |
| 140   |          Yes |           - |          Set |
| 177   |          Yes |           - |        Reset |
| 617   |          Yes |         Set |            - |
| 19548 |          Yes |       Reset |            - |
+-------+--------------+-------------+--------------+


2. CLB Logic Distribution
-------------------------

+--------------------------------------------+-------+-------+-----------+-------+
|                  Site Type                 |  Used | Fixed | Available | Util% |
+--------------------------------------------+-------+-------+-----------+-------+
| CLB                                        |  3521 |     0 |     34260 | 10.28 |
|   CLBL                                     |  1544 |     0 |           |       |
|   CLBM                                     |  1977 |     0 |           |       |
| LUT as Logic                               | 12334 |     0 |    214604 |  5.75 |
|   using O5 output only                     |   484 |       |           |       |
|   using O6 output only                     |  8757 |       |           |       |
|   using O5 and O6                          |  3093 |       |           |       |
| LUT as Memory                              |  2438 |     0 |    144000 |  1.69 |
|   LUT as Distributed RAM                   |  1164 |     0 |           |       |
|     using O5 output only                   |     0 |       |           |       |
|     using O6 output only                   |   132 |       |           |       |
|     using O5 and O6                        |  1032 |       |           |       |
|   LUT as Shift Register                    |  1274 |     0 |           |       |
|     using O5 output only                   |     0 |       |           |       |
|     using O6 output only                   |   402 |       |           |       |
|     using O5 and O6                        |   872 |       |           |       |
| CLB Registers                              | 20482 |     0 |    429208 |  4.77 |
|   Register driven from within the CLB      | 10652 |       |           |       |
|   Register driven from outside the CLB     |  9830 |       |           |       |
|     LUT in front of the register is unused |  7534 |       |           |       |
|     LUT in front of the register is used   |  2296 |       |           |       |
| Unique Control Sets                        |  1043 |       |     68520 |  1.52 |
+--------------------------------------------+-------+-------+-----------+-------+
* * Note: Available Control Sets calculated as Slices * 2, Review the Control Sets Report for more information regarding control sets.


3. BLOCKRAM
-----------

+-------------------+------+-------+-----------+-------+
|     Site Type     | Used | Fixed | Available | Util% |
+-------------------+------+-------+-----------+-------+
| Block RAM Tile    |    6 |     0 |       714 |  0.84 |
|   RAMB36/FIFO*    |    5 |     0 |       714 |  0.70 |
|     RAMB36E2 only |    5 |       |           |       |
|   RAMB18          |    2 |     0 |      1428 |  0.14 |
|     RAMB18E2 only |    2 |       |           |       |
+-------------------+------+-------+-----------+-------+
* Note: Each Block RAM Tile only has one FIFO logic available and therefore can accommodate only one FIFO36E2 or one FIFO18E2. However, if a FIFO18E2 occupies a Block RAM Tile, that tile can still accommodate a RAMB18E2


4. ARITHMETIC
-------------

+-----------+------+-------+-----------+-------+
| Site Type | Used | Fixed | Available | Util% |
+-----------+------+-------+-----------+-------+
| DSPs      |    0 |     0 |      1973 |  0.00 |
+-----------+------+-------+-----------+-------+


5. I/O
------

+------------------+------+-------+-----------+-------+
|     Site Type    | Used | Fixed | Available | Util% |
+------------------+------+-------+-----------+-------+
| Bonded IOB       |   79 |    79 |       204 | 38.73 |
| HPIOB_M          |   38 |    38 |        72 | 52.78 |
|   INPUT          |    0 |       |           |       |
|   OUTPUT         |    0 |       |           |       |
|   BIDIR          |   38 |       |           |       |
| HPIOB_S          |   38 |    38 |        72 | 52.78 |
|   INPUT          |    0 |       |           |       |
|   OUTPUT         |    0 |       |           |       |
|   BIDIR          |   38 |       |           |       |
| HDIOB_M          |    0 |     0 |        24 |  0.00 |
| HDIOB_S          |    0 |     0 |        24 |  0.00 |
| HPIOB_SNGL       |    3 |     3 |        12 | 25.00 |
|   INPUT          |    0 |       |           |       |
|   OUTPUT         |    1 |       |           |       |
|   BIDIR          |    2 |       |           |       |
| HPIOBDIFFINBUF   |   31 |    31 |        96 | 32.29 |
|   DIFFINBUF      |   31 |    31 |           |       |
| HPIOBDIFFOUTBUF  |    0 |     0 |        96 |  0.00 |
| HDIOBDIFFINBUF   |    0 |     0 |        60 |  0.00 |
| BITSLICE_CONTROL |    0 |     0 |        32 |  0.00 |
| BITSLICE_RX_TX   |   30 |    30 |       208 | 14.42 |
|   ISERDES        |   30 |    30 |           |       |
| BITSLICE_TX      |    0 |     0 |        32 |  0.00 |
| RIU_OR           |    0 |     0 |        16 |  0.00 |
+------------------+------+-------+-----------+-------+


6. CLOCK
--------

+----------------------+------+-------+-----------+-------+
|       Site Type      | Used | Fixed | Available | Util% |
+----------------------+------+-------+-----------+-------+
| GLOBAL CLOCK BUFFERs |   14 |     0 |       404 |  3.47 |
|   BUFGCE             |   10 |     0 |       116 |  8.62 |
|   BUFGCE_DIV         |    2 |     0 |        16 | 12.50 |
|   BUFG_GT            |    0 |     0 |       168 |  0.00 |
|   BUFG_PS            |    2 |     0 |        72 |  2.78 |
|   BUFGCTRL*          |    0 |     0 |        32 |  0.00 |
| PLL                  |    0 |     0 |         8 |  0.00 |
| MMCM                 |    2 |     0 |         4 | 50.00 |
+----------------------+------+-------+-----------+-------+
* Note: Each used BUFGCTRL counts as two GLOBAL CLOCK BUFFERs. This table does not include global clocking resources, only buffer cell usage. See the Clock Utilization Report (report_clock_utilization) for detailed accounting of global clocking resource availability.


7. ADVANCED
-----------

+-----------------+------+-------+-----------+--------+
|    Site Type    | Used | Fixed | Available |  Util% |
+-----------------+------+-------+-----------+--------+
| GTHE4_CHANNEL   |    0 |     0 |        16 |   0.00 |
| GTHE4_COMMON    |    0 |     0 |         4 |   0.00 |
| OBUFDS_GTE4     |    0 |     0 |         8 |   0.00 |
| OBUFDS_GTE4_ADV |    0 |     0 |         8 |   0.00 |
| PS8             |    1 |     0 |         1 | 100.00 |
| SYSMONE4        |    1 |     1 |         1 | 100.00 |
+-----------------+------+-------+-----------+--------+


8. CONFIGURATION
----------------

+-------------+------+-------+-----------+-------+
|  Site Type  | Used | Fixed | Available | Util% |
+-------------+------+-------+-----------+-------+
| BSCANE2     |    1 |     0 |         4 | 25.00 |
| DNA_PORTE2  |    0 |     0 |         1 |  0.00 |
| EFUSE_USR   |    0 |     0 |         1 |  0.00 |
| FRAME_ECCE4 |    0 |     0 |         1 |  0.00 |
| ICAPE3      |    0 |     0 |         2 |  0.00 |
| MASTER_JTAG |    0 |     0 |         1 |  0.00 |
| STARTUPE3   |    0 |     0 |         1 |  0.00 |
+-------------+------+-------+-----------+-------+


9. Primitives
-------------

+------------+-------+---------------------+
|  Ref Name  |  Used | Functional Category |
+------------+-------+---------------------+
| FDRE       | 19548 |            Register |
| LUT6       |  6055 |                 CLB |
| LUT3       |  3194 |                 CLB |
| LUT4       |  2177 |                 CLB |
| LUT5       |  2085 |                 CLB |
| RAMD32     |  1810 |                 CLB |
| SRLC32E    |  1073 |                 CLB |
| SRL16E     |  1069 |                 CLB |
| LUT2       |  1046 |                 CLB |
| LUT1       |   870 |                 CLB |
| FDSE       |   617 |            Register |
| RAMS32     |   258 |                 CLB |
| CARRY8     |   207 |                 CLB |
| MUXF7      |   189 |                 CLB |
| FDCE       |   177 |            Register |
| FDPE       |   140 |            Register |
| RAMD64E    |   128 |                 CLB |
| IBUFCTRL   |    40 |              Others |
| DIFFINBUF  |    31 |                 I/O |
| ISERDESE3  |    30 |                 I/O |
| IDELAYE3   |    30 |                 I/O |
| BUFGCE     |    10 |               Clock |
| OBUFT      |     9 |                 I/O |
| INBUF      |     9 |                 I/O |
| OBUF       |     8 |                 I/O |
| RAMB36E2   |     5 |           Block Ram |
| SRLC16E    |     4 |                 CLB |
| RAMB18E2   |     2 |           Block Ram |
| MUXF8      |     2 |                 CLB |
| MMCME4_ADV |     2 |               Clock |
| BUFG_PS    |     2 |               Clock |
| BUFGCE_DIV |     2 |               Clock |
| SYSMONE4   |     1 |            Advanced |
| PS8        |     1 |            Advanced |
| BSCANE2    |     1 |       Configuration |
+------------+-------+---------------------+


10. Black Boxes
---------------

+----------+------+
| Ref Name | Used |
+----------+------+


11. Instantiated Netlists
-------------------------

+--------------------------------------+------+
|               Ref Name               | Used |
+--------------------------------------+------+
| u_ila_0                              |    1 |
| dbg_hub                              |    1 |
| clk_wiz_1_b64_b66_pll                |    1 |
| clk_wiz_0_b65_mmcm                   |    1 |
| MercuryXU1_zynq_ultra_ps_e_0_0       |    1 |
| MercuryXU1_xbar_1                    |    1 |
| MercuryXU1_system_management_wiz_0_0 |    1 |
| MercuryXU1_system_ila_0_0            |    1 |
| MercuryXU1_proc_sys_reset_0_0        |    1 |
| MercuryXU1_axis_data_fifo_0_0        |    1 |
| MercuryXU1_axi_smc_0                 |    1 |
| MercuryXU1_axi_gpio_0_0              |    1 |
| MercuryXU1_axi_dma_0_0               |    1 |
| MercuryXU1_auto_pc_2                 |    1 |
| MercuryXU1_auto_pc_1                 |    1 |
| MercuryXU1_auto_pc_0                 |    1 |
+--------------------------------------+------+


