
*** Running vivado
    with args -log clk_wiz_0_b65_mmcm.vds -m64 -product Vivado -mode batch -messageDb vivado.pb -notrace -source clk_wiz_0_b65_mmcm.tcl


****** Vivado v2020.1.1 (64-bit)
  **** SW Build 2960000 on Wed Aug  5 22:57:21 MDT 2020
  **** IP Build 2956692 on Thu Aug  6 01:41:30 MDT 2020
    ** Copyright 1986-2020 Xilinx, Inc. All Rights Reserved.

source clk_wiz_0_b65_mmcm.tcl -notrace
INFO: [IP_Flow 19-234] Refreshing IP repositories
INFO: [IP_Flow 19-1700] Loaded user IP repository '/home/edev/Source/iwcd-xu1-petalinux-rev0-2020-01/Vivado_NuPRISM/ip_repo'.
INFO: [IP_Flow 19-2313] Loaded Vivado IP repository '/home/edev/tools/Xilinx/Vivado/2020.1/data/ip'.
Command: synth_design -top clk_wiz_0_b65_mmcm -part xczu6eg-ffvc900-1-i -mode out_of_context
Starting synth_design
Attempting to get a license for feature 'Synthesis' and/or device 'xczu6eg'
INFO: [Common 17-349] Got license for feature 'Synthesis' and/or device 'xczu6eg'
INFO: [Common 17-1540] The version limit for your license is '2021.01' and has expired for new software. A version limit expiration means that, although you may be able to continue to use the current version of tools or IP with this license, you will not be eligible for any updates or new releases.
INFO: [Device 21-403] Loading part xczu6eg-ffvc900-1-i
INFO: [Synth 8-7079] Multithreading enabled for synth_design using a maximum of 4 processes.
INFO: [Synth 8-7078] Launching helper process for spawning children vivado processes
INFO: [Synth 8-7075] Helper process launched with PID 31554
---------------------------------------------------------------------------------
Starting RTL Elaboration : Time (s): cpu = 00:00:03 ; elapsed = 00:00:04 . Memory (MB): peak = 2547.672 ; gain = 10.902 ; free physical = 2838 ; free virtual = 14101
---------------------------------------------------------------------------------
INFO: [Synth 8-6157] synthesizing module 'clk_wiz_0_b65_mmcm' [/home/edev/Source/iwcd-xu1-petalinux-rev0-2020-01/Vivado_NuPRISM/NuPRISM/NuPRISM.srcs/sources_1/ip/clk_wiz_0_b65_mmcm/clk_wiz_0_b65_mmcm.v:73]
INFO: [Synth 8-6157] synthesizing module 'clk_wiz_0_b65_mmcm_clk_wiz' [/home/edev/Source/iwcd-xu1-petalinux-rev0-2020-01/Vivado_NuPRISM/NuPRISM/NuPRISM.srcs/sources_1/ip/clk_wiz_0_b65_mmcm/clk_wiz_0_b65_mmcm_clk_wiz.v:71]
INFO: [Synth 8-6157] synthesizing module 'IBUFDS' [/home/edev/tools/Xilinx/Vivado/2020.1/scripts/rt/data/unisim_comp.v:32992]
	Parameter CAPACITANCE bound to: DONT_CARE - type: string 
	Parameter DIFF_TERM bound to: FALSE - type: string 
	Parameter DQS_BIAS bound to: FALSE - type: string 
	Parameter IBUF_DELAY_VALUE bound to: 0 - type: string 
	Parameter IBUF_LOW_PWR bound to: TRUE - type: string 
	Parameter IFD_DELAY_VALUE bound to: AUTO - type: string 
	Parameter IOSTANDARD bound to: DEFAULT - type: string 
INFO: [Synth 8-6155] done synthesizing module 'IBUFDS' (1#1) [/home/edev/tools/Xilinx/Vivado/2020.1/scripts/rt/data/unisim_comp.v:32992]
INFO: [Synth 8-6157] synthesizing module 'MMCME4_ADV' [/home/edev/tools/Xilinx/Vivado/2020.1/scripts/rt/data/unisim_comp.v:40387]
	Parameter BANDWIDTH bound to: OPTIMIZED - type: string 
	Parameter CLKFBOUT_MULT_F bound to: 3.000000 - type: double 
	Parameter CLKFBOUT_PHASE bound to: 0.000000 - type: double 
	Parameter CLKFBOUT_USE_FINE_PS bound to: FALSE - type: string 
	Parameter CLKIN1_PERIOD bound to: 2.667000 - type: double 
	Parameter CLKIN2_PERIOD bound to: 0.000000 - type: double 
	Parameter CLKOUT0_DIVIDE_F bound to: 3.000000 - type: double 
	Parameter CLKOUT0_DUTY_CYCLE bound to: 0.500000 - type: double 
	Parameter CLKOUT0_PHASE bound to: 0.000000 - type: double 
	Parameter CLKOUT0_USE_FINE_PS bound to: FALSE - type: string 
	Parameter CLKOUT1_DIVIDE bound to: 3 - type: integer 
	Parameter CLKOUT1_DUTY_CYCLE bound to: 0.500000 - type: double 
	Parameter CLKOUT1_PHASE bound to: 0.000000 - type: double 
	Parameter CLKOUT1_USE_FINE_PS bound to: FALSE - type: string 
	Parameter CLKOUT2_DIVIDE bound to: 3 - type: integer 
	Parameter CLKOUT2_DUTY_CYCLE bound to: 0.500000 - type: double 
	Parameter CLKOUT2_PHASE bound to: 0.000000 - type: double 
	Parameter CLKOUT2_USE_FINE_PS bound to: FALSE - type: string 
	Parameter CLKOUT3_DIVIDE bound to: 18 - type: integer 
	Parameter CLKOUT3_DUTY_CYCLE bound to: 0.500000 - type: double 
	Parameter CLKOUT3_PHASE bound to: 0.000000 - type: double 
	Parameter CLKOUT3_USE_FINE_PS bound to: FALSE - type: string 
	Parameter CLKOUT4_CASCADE bound to: FALSE - type: string 
	Parameter CLKOUT4_DIVIDE bound to: 1 - type: integer 
	Parameter CLKOUT4_DUTY_CYCLE bound to: 0.500000 - type: double 
	Parameter CLKOUT4_PHASE bound to: 0.000000 - type: double 
	Parameter CLKOUT4_USE_FINE_PS bound to: FALSE - type: string 
	Parameter CLKOUT5_DIVIDE bound to: 1 - type: integer 
	Parameter CLKOUT5_DUTY_CYCLE bound to: 0.500000 - type: double 
	Parameter CLKOUT5_PHASE bound to: 0.000000 - type: double 
	Parameter CLKOUT5_USE_FINE_PS bound to: FALSE - type: string 
	Parameter CLKOUT6_DIVIDE bound to: 1 - type: integer 
	Parameter CLKOUT6_DUTY_CYCLE bound to: 0.500000 - type: double 
	Parameter CLKOUT6_PHASE bound to: 0.000000 - type: double 
	Parameter CLKOUT6_USE_FINE_PS bound to: FALSE - type: string 
	Parameter COMPENSATION bound to: AUTO - type: string 
	Parameter DIVCLK_DIVIDE bound to: 1 - type: integer 
	Parameter IS_CLKFBIN_INVERTED bound to: 1'b0 
	Parameter IS_CLKIN1_INVERTED bound to: 1'b0 
	Parameter IS_CLKIN2_INVERTED bound to: 1'b0 
	Parameter IS_CLKINSEL_INVERTED bound to: 1'b0 
	Parameter IS_PSEN_INVERTED bound to: 1'b0 
	Parameter IS_PSINCDEC_INVERTED bound to: 1'b0 
	Parameter IS_PWRDWN_INVERTED bound to: 1'b0 
	Parameter IS_RST_INVERTED bound to: 1'b0 
	Parameter REF_JITTER1 bound to: 0.010000 - type: double 
	Parameter REF_JITTER2 bound to: 0.010000 - type: double 
	Parameter SS_EN bound to: FALSE - type: string 
	Parameter SS_MODE bound to: CENTER_HIGH - type: string 
	Parameter SS_MOD_PERIOD bound to: 10000 - type: integer 
	Parameter STARTUP_WAIT bound to: FALSE - type: string 
INFO: [Synth 8-6155] done synthesizing module 'MMCME4_ADV' (2#1) [/home/edev/tools/Xilinx/Vivado/2020.1/scripts/rt/data/unisim_comp.v:40387]
INFO: [Synth 8-6157] synthesizing module 'BUFG' [/home/edev/tools/Xilinx/Vivado/2020.1/scripts/rt/data/unisim_comp.v:1083]
INFO: [Synth 8-6155] done synthesizing module 'BUFG' (3#1) [/home/edev/tools/Xilinx/Vivado/2020.1/scripts/rt/data/unisim_comp.v:1083]
INFO: [Synth 8-6155] done synthesizing module 'clk_wiz_0_b65_mmcm_clk_wiz' (4#1) [/home/edev/Source/iwcd-xu1-petalinux-rev0-2020-01/Vivado_NuPRISM/NuPRISM/NuPRISM.srcs/sources_1/ip/clk_wiz_0_b65_mmcm/clk_wiz_0_b65_mmcm_clk_wiz.v:71]
INFO: [Synth 8-6155] done synthesizing module 'clk_wiz_0_b65_mmcm' (5#1) [/home/edev/Source/iwcd-xu1-petalinux-rev0-2020-01/Vivado_NuPRISM/NuPRISM/NuPRISM.srcs/sources_1/ip/clk_wiz_0_b65_mmcm/clk_wiz_0_b65_mmcm.v:73]
---------------------------------------------------------------------------------
Finished RTL Elaboration : Time (s): cpu = 00:00:04 ; elapsed = 00:00:05 . Memory (MB): peak = 2589.547 ; gain = 52.777 ; free physical = 4526 ; free virtual = 15790
---------------------------------------------------------------------------------
---------------------------------------------------------------------------------
Start Handling Custom Attributes
---------------------------------------------------------------------------------
---------------------------------------------------------------------------------
Finished Handling Custom Attributes : Time (s): cpu = 00:00:04 ; elapsed = 00:00:06 . Memory (MB): peak = 2608.391 ; gain = 71.621 ; free physical = 4849 ; free virtual = 16114
---------------------------------------------------------------------------------
---------------------------------------------------------------------------------
Finished RTL Optimization Phase 1 : Time (s): cpu = 00:00:04 ; elapsed = 00:00:06 . Memory (MB): peak = 2608.391 ; gain = 71.621 ; free physical = 4849 ; free virtual = 16114
---------------------------------------------------------------------------------
Netlist sorting complete. Time (s): cpu = 00:00:00 ; elapsed = 00:00:00 . Memory (MB): peak = 2620.297 ; gain = 0.000 ; free physical = 4807 ; free virtual = 16072
INFO: [Netlist 29-17] Analyzing 7 Unisim elements for replacement
INFO: [Netlist 29-28] Unisim Transformation completed in 0 CPU seconds
INFO: [Project 1-570] Preparing netlist for logic optimization

Processing XDC Constraints
Initializing timing engine
Parsing XDC File [/home/edev/Source/iwcd-xu1-petalinux-rev0-2020-01/Vivado_NuPRISM/NuPRISM/NuPRISM.srcs/sources_1/ip/clk_wiz_0_b65_mmcm/clk_wiz_0_b65_mmcm_ooc.xdc] for cell 'inst'
Finished Parsing XDC File [/home/edev/Source/iwcd-xu1-petalinux-rev0-2020-01/Vivado_NuPRISM/NuPRISM/NuPRISM.srcs/sources_1/ip/clk_wiz_0_b65_mmcm/clk_wiz_0_b65_mmcm_ooc.xdc] for cell 'inst'
Parsing XDC File [/home/edev/Source/iwcd-xu1-petalinux-rev0-2020-01/Vivado_NuPRISM/NuPRISM/NuPRISM.srcs/sources_1/ip/clk_wiz_0_b65_mmcm/clk_wiz_0_b65_mmcm_board.xdc] for cell 'inst'
Finished Parsing XDC File [/home/edev/Source/iwcd-xu1-petalinux-rev0-2020-01/Vivado_NuPRISM/NuPRISM/NuPRISM.srcs/sources_1/ip/clk_wiz_0_b65_mmcm/clk_wiz_0_b65_mmcm_board.xdc] for cell 'inst'
Parsing XDC File [/home/edev/Source/iwcd-xu1-petalinux-rev0-2020-01/Vivado_NuPRISM/NuPRISM/NuPRISM.srcs/sources_1/ip/clk_wiz_0_b65_mmcm/clk_wiz_0_b65_mmcm.xdc] for cell 'inst'
Finished Parsing XDC File [/home/edev/Source/iwcd-xu1-petalinux-rev0-2020-01/Vivado_NuPRISM/NuPRISM/NuPRISM.srcs/sources_1/ip/clk_wiz_0_b65_mmcm/clk_wiz_0_b65_mmcm.xdc] for cell 'inst'
INFO: [Project 1-236] Implementation specific constraints were found while reading constraint file [/home/edev/Source/iwcd-xu1-petalinux-rev0-2020-01/Vivado_NuPRISM/NuPRISM/NuPRISM.srcs/sources_1/ip/clk_wiz_0_b65_mmcm/clk_wiz_0_b65_mmcm.xdc]. These constraints will be ignored for synthesis but will be used in implementation. Impacted constraints are listed in the file [.Xil/clk_wiz_0_b65_mmcm_propImpl.xdc].
Resolution: To avoid this warning, move constraints listed in [.Xil/clk_wiz_0_b65_mmcm_propImpl.xdc] to another XDC file and exclude this new file from synthesis with the used_in_synthesis property (File Properties dialog in GUI) and re-run elaboration/synthesis.
INFO: [Timing 38-2] Deriving generated clocks
Parsing XDC File [/home/edev/Source/iwcd-xu1-petalinux-rev0-2020-01/Vivado_NuPRISM/NuPRISM/NuPRISM.runs/clk_wiz_0_b65_mmcm_synth_1/dont_touch.xdc]
Finished Parsing XDC File [/home/edev/Source/iwcd-xu1-petalinux-rev0-2020-01/Vivado_NuPRISM/NuPRISM/NuPRISM.runs/clk_wiz_0_b65_mmcm_synth_1/dont_touch.xdc]
Completed Processing XDC Constraints

Netlist sorting complete. Time (s): cpu = 00:00:00 ; elapsed = 00:00:00 . Memory (MB): peak = 2709.141 ; gain = 0.000 ; free physical = 4584 ; free virtual = 15854
INFO: [Project 1-111] Unisim Transformation Summary:
  A total of 6 instances were transformed.
  BUFG => BUFGCE: 5 instances
  IBUFDS => IBUFDS (DIFFINBUF, IBUFCTRL): 1 instance 

Constraint Validation Runtime : Time (s): cpu = 00:00:00.01 ; elapsed = 00:00:00.02 . Memory (MB): peak = 2709.141 ; gain = 0.000 ; free physical = 4583 ; free virtual = 15854
---------------------------------------------------------------------------------
Finished Constraint Validation : Time (s): cpu = 00:00:12 ; elapsed = 00:00:15 . Memory (MB): peak = 2709.141 ; gain = 172.371 ; free physical = 4695 ; free virtual = 15962
---------------------------------------------------------------------------------
---------------------------------------------------------------------------------
Start Loading Part and Timing Information
---------------------------------------------------------------------------------
Loading part: xczu6eg-ffvc900-1-i
INFO: [Synth 8-6742] Reading net delay rules and data
---------------------------------------------------------------------------------
Finished Loading Part and Timing Information : Time (s): cpu = 00:00:12 ; elapsed = 00:00:15 . Memory (MB): peak = 2709.141 ; gain = 172.371 ; free physical = 4695 ; free virtual = 15962
---------------------------------------------------------------------------------
---------------------------------------------------------------------------------
Start Applying 'set_property' XDC Constraints
---------------------------------------------------------------------------------
Applied set_property DONT_TOUCH = true for inst. (constraint file  /home/edev/Source/iwcd-xu1-petalinux-rev0-2020-01/Vivado_NuPRISM/NuPRISM/NuPRISM.runs/clk_wiz_0_b65_mmcm_synth_1/dont_touch.xdc, line 9).
---------------------------------------------------------------------------------
Finished applying 'set_property' XDC Constraints : Time (s): cpu = 00:00:12 ; elapsed = 00:00:15 . Memory (MB): peak = 2709.141 ; gain = 172.371 ; free physical = 4695 ; free virtual = 15962
---------------------------------------------------------------------------------
---------------------------------------------------------------------------------
Finished RTL Optimization Phase 2 : Time (s): cpu = 00:00:12 ; elapsed = 00:00:16 . Memory (MB): peak = 2709.141 ; gain = 172.371 ; free physical = 4735 ; free virtual = 16003
---------------------------------------------------------------------------------
---------------------------------------------------------------------------------
Start RTL Component Statistics 
---------------------------------------------------------------------------------
Detailed RTL Component Info : 
---------------------------------------------------------------------------------
Finished RTL Component Statistics 
---------------------------------------------------------------------------------
---------------------------------------------------------------------------------
Start Part Resource Summary
---------------------------------------------------------------------------------
Part Resources:
DSPs: 1973 (col length:168)
BRAMs: 1428 (col length: RAMB18 168 RAMB36 84)
---------------------------------------------------------------------------------
Finished Part Resource Summary
---------------------------------------------------------------------------------
---------------------------------------------------------------------------------
Start Cross Boundary and Area Optimization
---------------------------------------------------------------------------------
---------------------------------------------------------------------------------
Finished Cross Boundary and Area Optimization : Time (s): cpu = 00:00:13 ; elapsed = 00:00:16 . Memory (MB): peak = 2709.141 ; gain = 172.371 ; free physical = 4767 ; free virtual = 16042
---------------------------------------------------------------------------------
---------------------------------------------------------------------------------
Start Applying XDC Timing Constraints
---------------------------------------------------------------------------------
---------------------------------------------------------------------------------
Finished Applying XDC Timing Constraints : Time (s): cpu = 00:00:33 ; elapsed = 00:00:50 . Memory (MB): peak = 3165.766 ; gain = 628.996 ; free physical = 3062 ; free virtual = 14341
---------------------------------------------------------------------------------
---------------------------------------------------------------------------------
Start Timing Optimization
---------------------------------------------------------------------------------
---------------------------------------------------------------------------------
Finished Timing Optimization : Time (s): cpu = 00:00:33 ; elapsed = 00:00:50 . Memory (MB): peak = 3165.766 ; gain = 628.996 ; free physical = 3062 ; free virtual = 14341
---------------------------------------------------------------------------------
---------------------------------------------------------------------------------
Start Technology Mapping
---------------------------------------------------------------------------------
---------------------------------------------------------------------------------
Finished Technology Mapping : Time (s): cpu = 00:00:33 ; elapsed = 00:00:50 . Memory (MB): peak = 3184.797 ; gain = 648.027 ; free physical = 3065 ; free virtual = 14344
---------------------------------------------------------------------------------
---------------------------------------------------------------------------------
Start IO Insertion
---------------------------------------------------------------------------------
---------------------------------------------------------------------------------
Start Flattening Before IO Insertion
---------------------------------------------------------------------------------
---------------------------------------------------------------------------------
Finished Flattening Before IO Insertion
---------------------------------------------------------------------------------
---------------------------------------------------------------------------------
Start Final Netlist Cleanup
---------------------------------------------------------------------------------
---------------------------------------------------------------------------------
Finished Final Netlist Cleanup
---------------------------------------------------------------------------------
---------------------------------------------------------------------------------
Finished IO Insertion : Time (s): cpu = 00:00:35 ; elapsed = 00:00:52 . Memory (MB): peak = 3190.734 ; gain = 653.965 ; free physical = 2952 ; free virtual = 14231
---------------------------------------------------------------------------------
---------------------------------------------------------------------------------
Start Renaming Generated Instances
---------------------------------------------------------------------------------
---------------------------------------------------------------------------------
Finished Renaming Generated Instances : Time (s): cpu = 00:00:35 ; elapsed = 00:00:52 . Memory (MB): peak = 3190.734 ; gain = 653.965 ; free physical = 2952 ; free virtual = 14231
---------------------------------------------------------------------------------
---------------------------------------------------------------------------------
Start Rebuilding User Hierarchy
---------------------------------------------------------------------------------
---------------------------------------------------------------------------------
Finished Rebuilding User Hierarchy : Time (s): cpu = 00:00:35 ; elapsed = 00:00:52 . Memory (MB): peak = 3190.734 ; gain = 653.965 ; free physical = 2952 ; free virtual = 14231
---------------------------------------------------------------------------------
---------------------------------------------------------------------------------
Start Renaming Generated Ports
---------------------------------------------------------------------------------
---------------------------------------------------------------------------------
Finished Renaming Generated Ports : Time (s): cpu = 00:00:35 ; elapsed = 00:00:52 . Memory (MB): peak = 3190.734 ; gain = 653.965 ; free physical = 2952 ; free virtual = 14231
---------------------------------------------------------------------------------
---------------------------------------------------------------------------------
Start Handling Custom Attributes
---------------------------------------------------------------------------------
---------------------------------------------------------------------------------
Finished Handling Custom Attributes : Time (s): cpu = 00:00:35 ; elapsed = 00:00:52 . Memory (MB): peak = 3190.734 ; gain = 653.965 ; free physical = 2952 ; free virtual = 14231
---------------------------------------------------------------------------------
---------------------------------------------------------------------------------
Start Renaming Generated Nets
---------------------------------------------------------------------------------
---------------------------------------------------------------------------------
Finished Renaming Generated Nets : Time (s): cpu = 00:00:35 ; elapsed = 00:00:52 . Memory (MB): peak = 3190.734 ; gain = 653.965 ; free physical = 2952 ; free virtual = 14231
---------------------------------------------------------------------------------
---------------------------------------------------------------------------------
Start Writing Synthesis Report
---------------------------------------------------------------------------------

Report BlackBoxes: 
+-+--------------+----------+
| |BlackBox name |Instances |
+-+--------------+----------+
+-+--------------+----------+

Report Cell Usage: 
+------+-----------+------+
|      |Cell       |Count |
+------+-----------+------+
|1     |BUFG       |     5|
|2     |MMCME4_ADV |     1|
|3     |IBUFDS     |     1|
+------+-----------+------+
---------------------------------------------------------------------------------
Finished Writing Synthesis Report : Time (s): cpu = 00:00:35 ; elapsed = 00:00:52 . Memory (MB): peak = 3190.734 ; gain = 653.965 ; free physical = 2952 ; free virtual = 14231
---------------------------------------------------------------------------------
Synthesis finished with 0 errors, 0 critical warnings and 0 warnings.
Synthesis Optimization Runtime : Time (s): cpu = 00:00:30 ; elapsed = 00:00:46 . Memory (MB): peak = 3190.734 ; gain = 553.215 ; free physical = 2990 ; free virtual = 14269
Synthesis Optimization Complete : Time (s): cpu = 00:00:35 ; elapsed = 00:00:52 . Memory (MB): peak = 3190.742 ; gain = 653.965 ; free physical = 2990 ; free virtual = 14269
INFO: [Project 1-571] Translating synthesized netlist
Netlist sorting complete. Time (s): cpu = 00:00:00 ; elapsed = 00:00:00 . Memory (MB): peak = 3190.742 ; gain = 0.000 ; free physical = 2983 ; free virtual = 14262
INFO: [Netlist 29-17] Analyzing 7 Unisim elements for replacement
INFO: [Netlist 29-28] Unisim Transformation completed in 0 CPU seconds
INFO: [Project 1-570] Preparing netlist for logic optimization
INFO: [Opt 31-138] Pushed 0 inverter(s) to 0 load pin(s).
Netlist sorting complete. Time (s): cpu = 00:00:00 ; elapsed = 00:00:00 . Memory (MB): peak = 3225.453 ; gain = 0.000 ; free physical = 3203 ; free virtual = 14482
INFO: [Project 1-111] Unisim Transformation Summary:
  A total of 6 instances were transformed.
  BUFG => BUFGCE: 5 instances
  IBUFDS => IBUFDS (DIFFINBUF, IBUFCTRL): 1 instance 

INFO: [Common 17-83] Releasing license: Synthesis
33 Infos, 0 Warnings, 0 Critical Warnings and 0 Errors encountered.
synth_design completed successfully
synth_design: Time (s): cpu = 00:00:49 ; elapsed = 00:01:06 . Memory (MB): peak = 3225.453 ; gain = 1085.090 ; free physical = 3326 ; free virtual = 14605
INFO: [Common 17-600] The following parameters have non-default value.
tcl.collectionResultDisplayLimit
WARNING: [Constraints 18-5210] No constraints selected for write.
Resolution: This message can indicate that there are no constraints for the design, or it can indicate that the used_in flags are set such that the constraints are ignored. This later case is used when running synth_design to not write synthesis constraints to the resulting checkpoint. Instead, project constraints are read when the synthesized design is opened.
INFO: [Common 17-1381] The checkpoint '/home/edev/Source/iwcd-xu1-petalinux-rev0-2020-01/Vivado_NuPRISM/NuPRISM/NuPRISM.runs/clk_wiz_0_b65_mmcm_synth_1/clk_wiz_0_b65_mmcm.dcp' has been generated.
WARNING: [Common 17-576] 'use_project_ipc' is deprecated. This option is deprecated and no longer used.
INFO: [Coretcl 2-1648] Added synthesis output to IP cache for IP clk_wiz_0_b65_mmcm, cache-ID = 7d81d41b63ae5950
WARNING: [Constraints 18-5210] No constraints selected for write.
Resolution: This message can indicate that there are no constraints for the design, or it can indicate that the used_in flags are set such that the constraints are ignored. This later case is used when running synth_design to not write synthesis constraints to the resulting checkpoint. Instead, project constraints are read when the synthesized design is opened.
INFO: [Common 17-1381] The checkpoint '/home/edev/Source/iwcd-xu1-petalinux-rev0-2020-01/Vivado_NuPRISM/NuPRISM/NuPRISM.runs/clk_wiz_0_b65_mmcm_synth_1/clk_wiz_0_b65_mmcm.dcp' has been generated.
INFO: [runtcl-4] Executing : report_utilization -file clk_wiz_0_b65_mmcm_utilization_synth.rpt -pb clk_wiz_0_b65_mmcm_utilization_synth.pb
INFO: [Common 17-206] Exiting Vivado at Mon Mar 22 16:16:31 2021...
