
*** Running vivado
    with args -log clk_wiz_1_b64_b66_pll.vds -m64 -product Vivado -mode batch -messageDb vivado.pb -notrace -source clk_wiz_1_b64_b66_pll.tcl


****** Vivado v2020.1.1 (64-bit)
  **** SW Build 2960000 on Wed Aug  5 22:57:21 MDT 2020
  **** IP Build 2956692 on Thu Aug  6 01:41:30 MDT 2020
    ** Copyright 1986-2020 Xilinx, Inc. All Rights Reserved.

source clk_wiz_1_b64_b66_pll.tcl -notrace
INFO: [IP_Flow 19-234] Refreshing IP repositories
INFO: [IP_Flow 19-1700] Loaded user IP repository '/home/edev/Source/iwcd-xu1-petalinux-rev0-2020-01/Vivado_NuPRISM/ip_repo'.
INFO: [IP_Flow 19-2313] Loaded Vivado IP repository '/home/edev/tools/Xilinx/Vivado/2020.1/data/ip'.
WARNING: [IP_Flow 19-5242] IP Cache entry (cache-ID 29246a2af312acb6) does not have the required number of cached files and is not valid. Please delete this entry using the TCL command: 'config_ip_cache -remove [get_ips clk_wiz_1_b64_b66_pll]'
Command: synth_design -top clk_wiz_1_b64_b66_pll -part xczu6eg-ffvc900-1-i -mode out_of_context
Starting synth_design
Attempting to get a license for feature 'Synthesis' and/or device 'xczu6eg'
INFO: [Common 17-349] Got license for feature 'Synthesis' and/or device 'xczu6eg'
INFO: [Common 17-1540] The version limit for your license is '2021.01' and has expired for new software. A version limit expiration means that, although you may be able to continue to use the current version of tools or IP with this license, you will not be eligible for any updates or new releases.
INFO: [Device 21-403] Loading part xczu6eg-ffvc900-1-i
INFO: [Synth 8-7079] Multithreading enabled for synth_design using a maximum of 4 processes.
INFO: [Synth 8-7078] Launching helper process for spawning children vivado processes
INFO: [Synth 8-7075] Helper process launched with PID 5291
---------------------------------------------------------------------------------
Starting RTL Elaboration : Time (s): cpu = 00:00:03 ; elapsed = 00:00:04 . Memory (MB): peak = 2547.738 ; gain = 10.902 ; free physical = 1766 ; free virtual = 16135
---------------------------------------------------------------------------------
INFO: [Synth 8-6157] synthesizing module 'clk_wiz_1_b64_b66_pll' [/home/edev/Source/iwcd-xu1-petalinux-rev0-2020-01/Vivado_NuPRISM/NuPRISM/NuPRISM.srcs/sources_1/ip/clk_wiz_1_b64_b66_pll/clk_wiz_1_b64_b66_pll.v:71]
INFO: [Synth 8-6157] synthesizing module 'clk_wiz_1_b64_b66_pll_clk_wiz' [/home/edev/Source/iwcd-xu1-petalinux-rev0-2020-01/Vivado_NuPRISM/NuPRISM/NuPRISM.srcs/sources_1/ip/clk_wiz_1_b64_b66_pll/clk_wiz_1_b64_b66_pll_clk_wiz.v:69]
INFO: [Synth 8-6157] synthesizing module 'BUFG' [/home/edev/tools/Xilinx/Vivado/2020.1/scripts/rt/data/unisim_comp.v:1083]
INFO: [Synth 8-6155] done synthesizing module 'BUFG' (1#1) [/home/edev/tools/Xilinx/Vivado/2020.1/scripts/rt/data/unisim_comp.v:1083]
INFO: [Synth 8-6157] synthesizing module 'MMCME4_ADV' [/home/edev/tools/Xilinx/Vivado/2020.1/scripts/rt/data/unisim_comp.v:40387]
	Parameter BANDWIDTH bound to: OPTIMIZED - type: string 
	Parameter CLKFBOUT_MULT_F bound to: 3.000000 - type: double 
	Parameter CLKFBOUT_PHASE bound to: 0.000000 - type: double 
	Parameter CLKFBOUT_USE_FINE_PS bound to: FALSE - type: string 
	Parameter CLKIN1_PERIOD bound to: 2.667000 - type: double 
	Parameter CLKIN2_PERIOD bound to: 0.000000 - type: double 
	Parameter CLKOUT0_DIVIDE_F bound to: 3.000000 - type: double 
	Parameter CLKOUT0_DUTY_CYCLE bound to: 0.500000 - type: double 
	Parameter CLKOUT0_PHASE bound to: 0.000000 - type: double 
	Parameter CLKOUT0_USE_FINE_PS bound to: FALSE - type: string 
	Parameter CLKOUT1_DIVIDE bound to: 18 - type: integer 
	Parameter CLKOUT1_DUTY_CYCLE bound to: 0.500000 - type: double 
	Parameter CLKOUT1_PHASE bound to: 0.000000 - type: double 
	Parameter CLKOUT1_USE_FINE_PS bound to: FALSE - type: string 
	Parameter CLKOUT2_DIVIDE bound to: 1 - type: integer 
	Parameter CLKOUT2_DUTY_CYCLE bound to: 0.500000 - type: double 
	Parameter CLKOUT2_PHASE bound to: 0.000000 - type: double 
	Parameter CLKOUT2_USE_FINE_PS bound to: FALSE - type: string 
	Parameter CLKOUT3_DIVIDE bound to: 1 - type: integer 
	Parameter CLKOUT3_DUTY_CYCLE bound to: 0.500000 - type: double 
	Parameter CLKOUT3_PHASE bound to: 0.000000 - type: double 
	Parameter CLKOUT3_USE_FINE_PS bound to: FALSE - type: string 
	Parameter CLKOUT4_CASCADE bound to: FALSE - type: string 
	Parameter CLKOUT4_DIVIDE bound to: 1 - type: integer 
	Parameter CLKOUT4_DUTY_CYCLE bound to: 0.500000 - type: double 
	Parameter CLKOUT4_PHASE bound to: 0.000000 - type: double 
	Parameter CLKOUT4_USE_FINE_PS bound to: FALSE - type: string 
	Parameter CLKOUT5_DIVIDE bound to: 1 - type: integer 
	Parameter CLKOUT5_DUTY_CYCLE bound to: 0.500000 - type: double 
	Parameter CLKOUT5_PHASE bound to: 0.000000 - type: double 
	Parameter CLKOUT5_USE_FINE_PS bound to: FALSE - type: string 
	Parameter CLKOUT6_DIVIDE bound to: 1 - type: integer 
	Parameter CLKOUT6_DUTY_CYCLE bound to: 0.500000 - type: double 
	Parameter CLKOUT6_PHASE bound to: 0.000000 - type: double 
	Parameter CLKOUT6_USE_FINE_PS bound to: FALSE - type: string 
	Parameter COMPENSATION bound to: AUTO - type: string 
	Parameter DIVCLK_DIVIDE bound to: 1 - type: integer 
	Parameter IS_CLKFBIN_INVERTED bound to: 1'b0 
	Parameter IS_CLKIN1_INVERTED bound to: 1'b0 
	Parameter IS_CLKIN2_INVERTED bound to: 1'b0 
	Parameter IS_CLKINSEL_INVERTED bound to: 1'b0 
	Parameter IS_PSEN_INVERTED bound to: 1'b0 
	Parameter IS_PSINCDEC_INVERTED bound to: 1'b0 
	Parameter IS_PWRDWN_INVERTED bound to: 1'b0 
	Parameter IS_RST_INVERTED bound to: 1'b0 
	Parameter REF_JITTER1 bound to: 0.010000 - type: double 
	Parameter REF_JITTER2 bound to: 0.010000 - type: double 
	Parameter SS_EN bound to: FALSE - type: string 
	Parameter SS_MODE bound to: CENTER_HIGH - type: string 
	Parameter SS_MOD_PERIOD bound to: 10000 - type: integer 
	Parameter STARTUP_WAIT bound to: FALSE - type: string 
INFO: [Synth 8-6155] done synthesizing module 'MMCME4_ADV' (2#1) [/home/edev/tools/Xilinx/Vivado/2020.1/scripts/rt/data/unisim_comp.v:40387]
INFO: [Synth 8-6155] done synthesizing module 'clk_wiz_1_b64_b66_pll_clk_wiz' (3#1) [/home/edev/Source/iwcd-xu1-petalinux-rev0-2020-01/Vivado_NuPRISM/NuPRISM/NuPRISM.srcs/sources_1/ip/clk_wiz_1_b64_b66_pll/clk_wiz_1_b64_b66_pll_clk_wiz.v:69]
INFO: [Synth 8-6155] done synthesizing module 'clk_wiz_1_b64_b66_pll' (4#1) [/home/edev/Source/iwcd-xu1-petalinux-rev0-2020-01/Vivado_NuPRISM/NuPRISM/NuPRISM.srcs/sources_1/ip/clk_wiz_1_b64_b66_pll/clk_wiz_1_b64_b66_pll.v:71]
---------------------------------------------------------------------------------
Finished RTL Elaboration : Time (s): cpu = 00:00:04 ; elapsed = 00:00:04 . Memory (MB): peak = 2589.613 ; gain = 52.777 ; free physical = 2150 ; free virtual = 16519
---------------------------------------------------------------------------------
---------------------------------------------------------------------------------
Start Handling Custom Attributes
---------------------------------------------------------------------------------
---------------------------------------------------------------------------------
Finished Handling Custom Attributes : Time (s): cpu = 00:00:04 ; elapsed = 00:00:05 . Memory (MB): peak = 2607.457 ; gain = 70.621 ; free physical = 2725 ; free virtual = 17096
---------------------------------------------------------------------------------
---------------------------------------------------------------------------------
Finished RTL Optimization Phase 1 : Time (s): cpu = 00:00:04 ; elapsed = 00:00:05 . Memory (MB): peak = 2607.457 ; gain = 70.621 ; free physical = 2725 ; free virtual = 17096
---------------------------------------------------------------------------------
Netlist sorting complete. Time (s): cpu = 00:00:00 ; elapsed = 00:00:00 . Memory (MB): peak = 2620.332 ; gain = 0.000 ; free physical = 2741 ; free virtual = 17112
INFO: [Netlist 29-17] Analyzing 5 Unisim elements for replacement
INFO: [Netlist 29-28] Unisim Transformation completed in 0 CPU seconds
INFO: [Project 1-570] Preparing netlist for logic optimization

Processing XDC Constraints
Initializing timing engine
Parsing XDC File [/home/edev/Source/iwcd-xu1-petalinux-rev0-2020-01/Vivado_NuPRISM/NuPRISM/NuPRISM.srcs/sources_1/ip/clk_wiz_1_b64_b66_pll/clk_wiz_1_b64_b66_pll_ooc.xdc] for cell 'inst'
Finished Parsing XDC File [/home/edev/Source/iwcd-xu1-petalinux-rev0-2020-01/Vivado_NuPRISM/NuPRISM/NuPRISM.srcs/sources_1/ip/clk_wiz_1_b64_b66_pll/clk_wiz_1_b64_b66_pll_ooc.xdc] for cell 'inst'
Parsing XDC File [/home/edev/Source/iwcd-xu1-petalinux-rev0-2020-01/Vivado_NuPRISM/NuPRISM/NuPRISM.srcs/sources_1/ip/clk_wiz_1_b64_b66_pll/clk_wiz_1_b64_b66_pll_board.xdc] for cell 'inst'
Finished Parsing XDC File [/home/edev/Source/iwcd-xu1-petalinux-rev0-2020-01/Vivado_NuPRISM/NuPRISM/NuPRISM.srcs/sources_1/ip/clk_wiz_1_b64_b66_pll/clk_wiz_1_b64_b66_pll_board.xdc] for cell 'inst'
Parsing XDC File [/home/edev/Source/iwcd-xu1-petalinux-rev0-2020-01/Vivado_NuPRISM/NuPRISM/NuPRISM.srcs/sources_1/ip/clk_wiz_1_b64_b66_pll/clk_wiz_1_b64_b66_pll.xdc] for cell 'inst'
Finished Parsing XDC File [/home/edev/Source/iwcd-xu1-petalinux-rev0-2020-01/Vivado_NuPRISM/NuPRISM/NuPRISM.srcs/sources_1/ip/clk_wiz_1_b64_b66_pll/clk_wiz_1_b64_b66_pll.xdc] for cell 'inst'
Parsing XDC File [/home/edev/Source/iwcd-xu1-petalinux-rev0-2020-01/Vivado_NuPRISM/NuPRISM/NuPRISM.runs/clk_wiz_1_b64_b66_pll_synth_1/dont_touch.xdc]
Finished Parsing XDC File [/home/edev/Source/iwcd-xu1-petalinux-rev0-2020-01/Vivado_NuPRISM/NuPRISM/NuPRISM.runs/clk_wiz_1_b64_b66_pll_synth_1/dont_touch.xdc]
Completed Processing XDC Constraints

Netlist sorting complete. Time (s): cpu = 00:00:00 ; elapsed = 00:00:00 . Memory (MB): peak = 2709.176 ; gain = 0.000 ; free physical = 2678 ; free virtual = 17045
INFO: [Project 1-111] Unisim Transformation Summary:
  A total of 4 instances were transformed.
  BUFG => BUFGCE: 4 instances

INFO: [Timing 38-2] Deriving generated clocks
Constraint Validation Runtime : Time (s): cpu = 00:00:00.03 ; elapsed = 00:00:00.03 . Memory (MB): peak = 2709.176 ; gain = 0.000 ; free physical = 2677 ; free virtual = 17044
---------------------------------------------------------------------------------
Finished Constraint Validation : Time (s): cpu = 00:00:11 ; elapsed = 00:00:14 . Memory (MB): peak = 2709.176 ; gain = 172.340 ; free physical = 2827 ; free virtual = 17195
---------------------------------------------------------------------------------
---------------------------------------------------------------------------------
Start Loading Part and Timing Information
---------------------------------------------------------------------------------
Loading part: xczu6eg-ffvc900-1-i
INFO: [Synth 8-6742] Reading net delay rules and data
---------------------------------------------------------------------------------
Finished Loading Part and Timing Information : Time (s): cpu = 00:00:11 ; elapsed = 00:00:14 . Memory (MB): peak = 2709.176 ; gain = 172.340 ; free physical = 2827 ; free virtual = 17195
---------------------------------------------------------------------------------
---------------------------------------------------------------------------------
Start Applying 'set_property' XDC Constraints
---------------------------------------------------------------------------------
Applied set_property DONT_TOUCH = true for inst. (constraint file  /home/edev/Source/iwcd-xu1-petalinux-rev0-2020-01/Vivado_NuPRISM/NuPRISM/NuPRISM.runs/clk_wiz_1_b64_b66_pll_synth_1/dont_touch.xdc, line 9).
---------------------------------------------------------------------------------
Finished applying 'set_property' XDC Constraints : Time (s): cpu = 00:00:11 ; elapsed = 00:00:14 . Memory (MB): peak = 2709.176 ; gain = 172.340 ; free physical = 2827 ; free virtual = 17195
---------------------------------------------------------------------------------
---------------------------------------------------------------------------------
Finished RTL Optimization Phase 2 : Time (s): cpu = 00:00:11 ; elapsed = 00:00:14 . Memory (MB): peak = 2709.176 ; gain = 172.340 ; free physical = 2827 ; free virtual = 17195
---------------------------------------------------------------------------------
---------------------------------------------------------------------------------
Start RTL Component Statistics 
---------------------------------------------------------------------------------
Detailed RTL Component Info : 
---------------------------------------------------------------------------------
Finished RTL Component Statistics 
---------------------------------------------------------------------------------
---------------------------------------------------------------------------------
Start Part Resource Summary
---------------------------------------------------------------------------------
Part Resources:
DSPs: 1973 (col length:168)
BRAMs: 1428 (col length: RAMB18 168 RAMB36 84)
---------------------------------------------------------------------------------
Finished Part Resource Summary
---------------------------------------------------------------------------------
---------------------------------------------------------------------------------
Start Cross Boundary and Area Optimization
---------------------------------------------------------------------------------
---------------------------------------------------------------------------------
Finished Cross Boundary and Area Optimization : Time (s): cpu = 00:00:12 ; elapsed = 00:00:15 . Memory (MB): peak = 2709.176 ; gain = 172.340 ; free physical = 2830 ; free virtual = 17204
---------------------------------------------------------------------------------
---------------------------------------------------------------------------------
Start Applying XDC Timing Constraints
---------------------------------------------------------------------------------
---------------------------------------------------------------------------------
Finished Applying XDC Timing Constraints : Time (s): cpu = 00:00:31 ; elapsed = 00:00:48 . Memory (MB): peak = 3165.801 ; gain = 628.965 ; free physical = 1180 ; free virtual = 15558
---------------------------------------------------------------------------------
---------------------------------------------------------------------------------
Start Timing Optimization
---------------------------------------------------------------------------------
---------------------------------------------------------------------------------
Finished Timing Optimization : Time (s): cpu = 00:00:31 ; elapsed = 00:00:48 . Memory (MB): peak = 3165.801 ; gain = 628.965 ; free physical = 1180 ; free virtual = 15558
---------------------------------------------------------------------------------
---------------------------------------------------------------------------------
Start Technology Mapping
---------------------------------------------------------------------------------
---------------------------------------------------------------------------------
Finished Technology Mapping : Time (s): cpu = 00:00:31 ; elapsed = 00:00:48 . Memory (MB): peak = 3184.832 ; gain = 647.996 ; free physical = 1168 ; free virtual = 15545
---------------------------------------------------------------------------------
---------------------------------------------------------------------------------
Start IO Insertion
---------------------------------------------------------------------------------
---------------------------------------------------------------------------------
Start Flattening Before IO Insertion
---------------------------------------------------------------------------------
---------------------------------------------------------------------------------
Finished Flattening Before IO Insertion
---------------------------------------------------------------------------------
---------------------------------------------------------------------------------
Start Final Netlist Cleanup
---------------------------------------------------------------------------------
---------------------------------------------------------------------------------
Finished Final Netlist Cleanup
---------------------------------------------------------------------------------
---------------------------------------------------------------------------------
Finished IO Insertion : Time (s): cpu = 00:00:33 ; elapsed = 00:00:50 . Memory (MB): peak = 3190.770 ; gain = 653.934 ; free physical = 1067 ; free virtual = 15444
---------------------------------------------------------------------------------
---------------------------------------------------------------------------------
Start Renaming Generated Instances
---------------------------------------------------------------------------------
---------------------------------------------------------------------------------
Finished Renaming Generated Instances : Time (s): cpu = 00:00:33 ; elapsed = 00:00:50 . Memory (MB): peak = 3190.770 ; gain = 653.934 ; free physical = 1067 ; free virtual = 15444
---------------------------------------------------------------------------------
---------------------------------------------------------------------------------
Start Rebuilding User Hierarchy
---------------------------------------------------------------------------------
---------------------------------------------------------------------------------
Finished Rebuilding User Hierarchy : Time (s): cpu = 00:00:33 ; elapsed = 00:00:50 . Memory (MB): peak = 3190.770 ; gain = 653.934 ; free physical = 1067 ; free virtual = 15444
---------------------------------------------------------------------------------
---------------------------------------------------------------------------------
Start Renaming Generated Ports
---------------------------------------------------------------------------------
---------------------------------------------------------------------------------
Finished Renaming Generated Ports : Time (s): cpu = 00:00:33 ; elapsed = 00:00:50 . Memory (MB): peak = 3190.770 ; gain = 653.934 ; free physical = 1067 ; free virtual = 15444
---------------------------------------------------------------------------------
---------------------------------------------------------------------------------
Start Handling Custom Attributes
---------------------------------------------------------------------------------
---------------------------------------------------------------------------------
Finished Handling Custom Attributes : Time (s): cpu = 00:00:33 ; elapsed = 00:00:50 . Memory (MB): peak = 3190.770 ; gain = 653.934 ; free physical = 1067 ; free virtual = 15444
---------------------------------------------------------------------------------
---------------------------------------------------------------------------------
Start Renaming Generated Nets
---------------------------------------------------------------------------------
---------------------------------------------------------------------------------
Finished Renaming Generated Nets : Time (s): cpu = 00:00:33 ; elapsed = 00:00:50 . Memory (MB): peak = 3190.770 ; gain = 653.934 ; free physical = 1067 ; free virtual = 15444
---------------------------------------------------------------------------------
---------------------------------------------------------------------------------
Start Writing Synthesis Report
---------------------------------------------------------------------------------

Report BlackBoxes: 
+-+--------------+----------+
| |BlackBox name |Instances |
+-+--------------+----------+
+-+--------------+----------+

Report Cell Usage: 
+------+-----------+------+
|      |Cell       |Count |
+------+-----------+------+
|1     |BUFG       |     4|
|2     |MMCME4_ADV |     1|
+------+-----------+------+
---------------------------------------------------------------------------------
Finished Writing Synthesis Report : Time (s): cpu = 00:00:33 ; elapsed = 00:00:50 . Memory (MB): peak = 3190.770 ; gain = 653.934 ; free physical = 1067 ; free virtual = 15444
---------------------------------------------------------------------------------
Synthesis finished with 0 errors, 0 critical warnings and 0 warnings.
Synthesis Optimization Runtime : Time (s): cpu = 00:00:29 ; elapsed = 00:00:44 . Memory (MB): peak = 3190.770 ; gain = 552.215 ; free physical = 1103 ; free virtual = 15481
Synthesis Optimization Complete : Time (s): cpu = 00:00:33 ; elapsed = 00:00:50 . Memory (MB): peak = 3190.777 ; gain = 653.934 ; free physical = 1103 ; free virtual = 15481
INFO: [Project 1-571] Translating synthesized netlist
Netlist sorting complete. Time (s): cpu = 00:00:00 ; elapsed = 00:00:00 . Memory (MB): peak = 3190.777 ; gain = 0.000 ; free physical = 1096 ; free virtual = 15474
INFO: [Netlist 29-17] Analyzing 5 Unisim elements for replacement
INFO: [Netlist 29-28] Unisim Transformation completed in 0 CPU seconds
INFO: [Project 1-570] Preparing netlist for logic optimization
INFO: [Opt 31-138] Pushed 0 inverter(s) to 0 load pin(s).
Netlist sorting complete. Time (s): cpu = 00:00:00 ; elapsed = 00:00:00 . Memory (MB): peak = 3225.488 ; gain = 0.000 ; free physical = 1182 ; free virtual = 15560
INFO: [Project 1-111] Unisim Transformation Summary:
  A total of 4 instances were transformed.
  BUFG => BUFGCE: 4 instances

INFO: [Common 17-83] Releasing license: Synthesis
30 Infos, 1 Warnings, 0 Critical Warnings and 0 Errors encountered.
synth_design completed successfully
synth_design: Time (s): cpu = 00:00:46 ; elapsed = 00:01:04 . Memory (MB): peak = 3225.488 ; gain = 1082.059 ; free physical = 1302 ; free virtual = 15680
INFO: [Common 17-1381] The checkpoint '/home/edev/Source/iwcd-xu1-petalinux-rev0-2020-01/Vivado_NuPRISM/NuPRISM/NuPRISM.runs/clk_wiz_1_b64_b66_pll_synth_1/clk_wiz_1_b64_b66_pll.dcp' has been generated.
WARNING: [Common 17-576] 'use_project_ipc' is deprecated. This option is deprecated and no longer used.
INFO: [Common 17-1381] The checkpoint '/home/edev/Source/iwcd-xu1-petalinux-rev0-2020-01/Vivado_NuPRISM/NuPRISM/NuPRISM.runs/clk_wiz_1_b64_b66_pll_synth_1/clk_wiz_1_b64_b66_pll.dcp' has been generated.
INFO: [runtcl-4] Executing : report_utilization -file clk_wiz_1_b64_b66_pll_utilization_synth.rpt -pb clk_wiz_1_b64_b66_pll_utilization_synth.pb
INFO: [Common 17-206] Exiting Vivado at Wed Mar  3 11:10:43 2021...
