Copyright 1986-2020 Xilinx, Inc. All Rights Reserved.
---------------------------------------------------------------------------------------------------------------
| Tool Version : Vivado v.2020.1.1 (lin64) Build 2960000 Wed Aug  5 22:57:21 MDT 2020
| Date         : Tue Feb 16 09:35:12 2021
| Host         : edev running 64-bit Ubuntu 18.04.5 LTS
| Command      : report_utilization -file system_top_utilization_synth.rpt -pb system_top_utilization_synth.pb
| Design       : system_top
| Device       : xczu6egffvc900-1
| Design State : Synthesized
---------------------------------------------------------------------------------------------------------------

Utilization Design Information

Table of Contents
-----------------
1. CLB Logic
1.1 Summary of Registers by Type
2. BLOCKRAM
3. ARITHMETIC
4. I/O
5. CLOCK
6. ADVANCED
7. CONFIGURATION
8. Primitives
9. Black Boxes
10. Instantiated Netlists

1. CLB Logic
------------

+----------------------------+-------+-------+-----------+-------+
|          Site Type         |  Used | Fixed | Available | Util% |
+----------------------------+-------+-------+-----------+-------+
| CLB LUTs*                  | 11818 |     0 |    214604 |  5.51 |
|   LUT as Logic             |  9968 |     0 |    214604 |  4.64 |
|   LUT as Memory            |  1850 |     0 |    144000 |  1.28 |
|     LUT as Distributed RAM |  1330 |     0 |           |       |
|     LUT as Shift Register  |   520 |     0 |           |       |
| CLB Registers              | 16437 |     0 |    429208 |  3.83 |
|   Register as Flip Flop    | 16437 |     0 |    429208 |  3.83 |
|   Register as Latch        |     0 |     0 |    429208 |  0.00 |
| CARRY8                     |    54 |     0 |     34260 |  0.16 |
| F7 Muxes                   |    18 |     0 |    137040 |  0.01 |
| F8 Muxes                   |     0 |     0 |     68520 |  0.00 |
| F9 Muxes                   |     0 |     0 |     34260 |  0.00 |
+----------------------------+-------+-------+-----------+-------+
* Warning! The Final LUT count, after physical optimizations and full implementation, is typically lower. Run opt_design after synthesis, if not already completed, for a more realistic count.


1.1 Summary of Registers by Type
--------------------------------

+-------+--------------+-------------+--------------+
| Total | Clock Enable | Synchronous | Asynchronous |
+-------+--------------+-------------+--------------+
| 0     |            _ |           - |            - |
| 0     |            _ |           - |          Set |
| 0     |            _ |           - |        Reset |
| 0     |            _ |         Set |            - |
| 0     |            _ |       Reset |            - |
| 0     |          Yes |           - |            - |
| 90    |          Yes |           - |          Set |
| 0     |          Yes |           - |        Reset |
| 601   |          Yes |         Set |            - |
| 15746 |          Yes |       Reset |            - |
+-------+--------------+-------------+--------------+


2. BLOCKRAM
-----------

+-------------------+------+-------+-----------+-------+
|     Site Type     | Used | Fixed | Available | Util% |
+-------------------+------+-------+-----------+-------+
| Block RAM Tile    |  5.5 |     0 |       714 |  0.77 |
|   RAMB36/FIFO*    |    5 |     0 |       714 |  0.70 |
|     RAMB36E2 only |    5 |       |           |       |
|   RAMB18          |    1 |     0 |      1428 |  0.07 |
|     RAMB18E2 only |    1 |       |           |       |
+-------------------+------+-------+-----------+-------+
* Note: Each Block RAM Tile only has one FIFO logic available and therefore can accommodate only one FIFO36E2 or one FIFO18E2. However, if a FIFO18E2 occupies a Block RAM Tile, that tile can still accommodate a RAMB18E2


3. ARITHMETIC
-------------

+-----------+------+-------+-----------+-------+
| Site Type | Used | Fixed | Available | Util% |
+-----------+------+-------+-----------+-------+
| DSPs      |    0 |     0 |      1973 |  0.00 |
+-----------+------+-------+-----------+-------+


4. I/O
------

+------------+------+-------+-----------+-------+
|  Site Type | Used | Fixed | Available | Util% |
+------------+------+-------+-----------+-------+
| Bonded IOB |   79 |     0 |       204 | 38.73 |
+------------+------+-------+-----------+-------+


5. CLOCK
--------

+----------------------+------+-------+-----------+-------+
|       Site Type      | Used | Fixed | Available | Util% |
+----------------------+------+-------+-----------+-------+
| GLOBAL CLOCK BUFFERs |    6 |     0 |       404 |  1.49 |
|   BUFGCE             |    2 |     0 |       116 |  1.72 |
|   BUFGCE_DIV         |    2 |     0 |        16 | 12.50 |
|   BUFG_GT            |    0 |     0 |       168 |  0.00 |
|   BUFG_PS            |    2 |     0 |        72 |  2.78 |
|   BUFGCTRL*          |    0 |     0 |        32 |  0.00 |
| PLL                  |    0 |     0 |         8 |  0.00 |
| MMCM                 |    0 |     0 |         4 |  0.00 |
+----------------------+------+-------+-----------+-------+
* Note: Each used BUFGCTRL counts as two GLOBAL CLOCK BUFFERs. This table does not include global clocking resources, only buffer cell usage. See the Clock Utilization Report (report_clock_utilization) for detailed accounting of global clocking resource availability.


6. ADVANCED
-----------

+-----------------+------+-------+-----------+--------+
|    Site Type    | Used | Fixed | Available |  Util% |
+-----------------+------+-------+-----------+--------+
| GTHE4_CHANNEL   |    0 |     0 |        16 |   0.00 |
| GTHE4_COMMON    |    0 |     0 |         4 |   0.00 |
| OBUFDS_GTE4     |    0 |     0 |         8 |   0.00 |
| OBUFDS_GTE4_ADV |    0 |     0 |         8 |   0.00 |
| PS8             |    1 |     0 |         1 | 100.00 |
| SYSMONE4        |    1 |     0 |         1 | 100.00 |
+-----------------+------+-------+-----------+--------+


7. CONFIGURATION
----------------

+-------------+------+-------+-----------+-------+
|  Site Type  | Used | Fixed | Available | Util% |
+-------------+------+-------+-----------+-------+
| BSCANE2     |    0 |     0 |         4 |  0.00 |
| DNA_PORTE2  |    0 |     0 |         1 |  0.00 |
| EFUSE_USR   |    0 |     0 |         1 |  0.00 |
| FRAME_ECCE4 |    0 |     0 |         1 |  0.00 |
| ICAPE3      |    0 |     0 |         2 |  0.00 |
| MASTER_JTAG |    0 |     0 |         1 |  0.00 |
| STARTUPE3   |    0 |     0 |         1 |  0.00 |
+-------------+------+-------+-----------+-------+


8. Primitives
-------------

+------------+-------+---------------------+
|  Ref Name  |  Used | Functional Category |
+------------+-------+---------------------+
| FDRE       | 15746 |            Register |
| LUT6       |  4190 |                 CLB |
| LUT3       |  3012 |                 CLB |
| RAMD32     |  2314 |                 CLB |
| LUT4       |  1517 |                 CLB |
| LUT5       |  1497 |                 CLB |
| LUT1       |  1185 |                 CLB |
| LUT2       |   827 |                 CLB |
| FDSE       |   601 |            Register |
| SRL16E     |   330 |                 CLB |
| RAMS32     |   328 |                 CLB |
| SRLC32E    |   276 |                 CLB |
| FDPE       |    90 |            Register |
| CARRY8     |    54 |                 CLB |
| IBUFCTRL   |    40 |              Others |
| DIFFINBUF  |    31 |                 I/O |
| ISERDESE3  |    30 |                 I/O |
| IDELAYE3   |    30 |                 I/O |
| MUXF7      |    18 |                 CLB |
| OBUFT      |     9 |                 I/O |
| INBUF      |     9 |                 I/O |
| OBUF       |     8 |                 I/O |
| RAMB36E2   |     5 |           Block Ram |
| SRLC16E    |     2 |                 CLB |
| OSERDESE3  |     2 |                 I/O |
| BUFG_PS    |     2 |               Clock |
| BUFGCE_DIV |     2 |               Clock |
| BUFGCE     |     2 |               Clock |
| SYSMONE4   |     1 |            Advanced |
| RAMB18E2   |     1 |           Block Ram |
| PS8        |     1 |            Advanced |
+------------+-------+---------------------+


9. Black Boxes
--------------

+-----------------------+------+
|        Ref Name       | Used |
+-----------------------+------+
| dbg_hub_CV            |    1 |
| clk_wiz_1_b64_b66_pll |    1 |
| clk_wiz_0_b65_mmcm    |    1 |
+-----------------------+------+


10. Instantiated Netlists
-------------------------

+----------+------+
| Ref Name | Used |
+----------+------+


