Copyright 1986-2020 Xilinx, Inc. All Rights Reserved.
-----------------------------------------------------------------------------------------------------------------
| Tool Version : Vivado v.2020.1 (lin64) Build 2902540 Wed May 27 19:54:35 MDT 2020
| Date         : Tue Mar  8 16:23:43 2022
| Host         : hyperk running 64-bit Ubuntu 18.04.6 LTS
| Command      : report_utilization -file system_top_utilization_placed.rpt -pb system_top_utilization_placed.pb
| Design       : system_top
| Device       : xczu6egffvc900-1
| Design State : Fully Placed
-----------------------------------------------------------------------------------------------------------------

Utilization Design Information

Table of Contents
-----------------
1. CLB Logic
1.1 Summary of Registers by Type
2. CLB Logic Distribution
3. BLOCKRAM
4. ARITHMETIC
5. I/O
6. CLOCK
7. ADVANCED
8. CONFIGURATION
9. Primitives
10. Black Boxes
11. Instantiated Netlists

1. CLB Logic
------------

+----------------------------+-------+-------+-----------+-------+
|          Site Type         |  Used | Fixed | Available | Util% |
+----------------------------+-------+-------+-----------+-------+
| CLB LUTs                   | 41089 |     0 |    214604 | 19.15 |
|   LUT as Logic             | 32236 |     0 |    214604 | 15.02 |
|   LUT as Memory            |  8853 |     0 |    144000 |  6.15 |
|     LUT as Distributed RAM |  2104 |     0 |           |       |
|     LUT as Shift Register  |  6749 |     0 |           |       |
| CLB Registers              | 58596 |     0 |    429208 | 13.65 |
|   Register as Flip Flop    | 58596 |     0 |    429208 | 13.65 |
|   Register as Latch        |     0 |     0 |    429208 |  0.00 |
| CARRY8                     |   621 |     0 |     34260 |  1.81 |
| F7 Muxes                   |  2093 |     0 |    137040 |  1.53 |
| F8 Muxes                   |   802 |     0 |     68520 |  1.17 |
| F9 Muxes                   |     0 |     0 |     34260 |  0.00 |
+----------------------------+-------+-------+-----------+-------+


1.1 Summary of Registers by Type
--------------------------------

+-------+--------------+-------------+--------------+
| Total | Clock Enable | Synchronous | Asynchronous |
+-------+--------------+-------------+--------------+
| 0     |            _ |           - |            - |
| 0     |            _ |           - |          Set |
| 0     |            _ |           - |        Reset |
| 0     |            _ |         Set |            - |
| 0     |            _ |       Reset |            - |
| 0     |          Yes |           - |            - |
| 206   |          Yes |           - |          Set |
| 667   |          Yes |           - |        Reset |
| 1259  |          Yes |         Set |            - |
| 56464 |          Yes |       Reset |            - |
+-------+--------------+-------------+--------------+


2. CLB Logic Distribution
-------------------------

+--------------------------------------------+-------+-------+-----------+-------+
|                  Site Type                 |  Used | Fixed | Available | Util% |
+--------------------------------------------+-------+-------+-----------+-------+
| CLB                                        |  9905 |     0 |     34260 | 28.91 |
|   CLBL                                     |  4562 |     0 |           |       |
|   CLBM                                     |  5343 |     0 |           |       |
| LUT as Logic                               | 32236 |     0 |    214604 | 15.02 |
|   using O5 output only                     |  1215 |       |           |       |
|   using O6 output only                     | 22617 |       |           |       |
|   using O5 and O6                          |  8404 |       |           |       |
| LUT as Memory                              |  8853 |     0 |    144000 |  6.15 |
|   LUT as Distributed RAM                   |  2104 |     0 |           |       |
|     using O5 output only                   |     0 |       |           |       |
|     using O6 output only                   |     8 |       |           |       |
|     using O5 and O6                        |  2096 |       |           |       |
|   LUT as Shift Register                    |  6749 |     0 |           |       |
|     using O5 output only                   |     0 |       |           |       |
|     using O6 output only                   |  3118 |       |           |       |
|     using O5 and O6                        |  3631 |       |           |       |
| CLB Registers                              | 58596 |     0 |    429208 | 13.65 |
|   Register driven from within the CLB      | 30753 |       |           |       |
|   Register driven from outside the CLB     | 27843 |       |           |       |
|     LUT in front of the register is unused | 21209 |       |           |       |
|     LUT in front of the register is used   |  6634 |       |           |       |
| Unique Control Sets                        |  2556 |       |     68520 |  3.73 |
+--------------------------------------------+-------+-------+-----------+-------+
* * Note: Available Control Sets calculated as Slices * 2, Review the Control Sets Report for more information regarding control sets.


3. BLOCKRAM
-----------

+-------------------+-------+-------+-----------+-------+
|     Site Type     |  Used | Fixed | Available | Util% |
+-------------------+-------+-------+-----------+-------+
| Block RAM Tile    | 351.5 |     0 |       714 | 49.23 |
|   RAMB36/FIFO*    |   348 |     0 |       714 | 48.74 |
|     RAMB36E2 only |   348 |       |           |       |
|   RAMB18          |     7 |     0 |      1428 |  0.49 |
|     RAMB18E2 only |     7 |       |           |       |
+-------------------+-------+-------+-----------+-------+
* Note: Each Block RAM Tile only has one FIFO logic available and therefore can accommodate only one FIFO36E2 or one FIFO18E2. However, if a FIFO18E2 occupies a Block RAM Tile, that tile can still accommodate a RAMB18E2


4. ARITHMETIC
-------------

+-----------+------+-------+-----------+-------+
| Site Type | Used | Fixed | Available | Util% |
+-----------+------+-------+-----------+-------+
| DSPs      |    0 |     0 |      1973 |  0.00 |
+-----------+------+-------+-----------+-------+


5. I/O
------

+------------------+------+-------+-----------+-------+
|     Site Type    | Used | Fixed | Available | Util% |
+------------------+------+-------+-----------+-------+
| Bonded IOB       |  111 |   111 |       204 | 54.41 |
| HPIOB_M          |   54 |    54 |        72 | 75.00 |
|   INPUT          |   49 |       |           |       |
|   OUTPUT         |    3 |       |           |       |
|   BIDIR          |    2 |       |           |       |
| HPIOB_S          |   54 |    54 |        72 | 75.00 |
|   INPUT          |   49 |       |           |       |
|   OUTPUT         |    4 |       |           |       |
|   BIDIR          |    1 |       |           |       |
| HDIOB_M          |    0 |     0 |        24 |  0.00 |
| HDIOB_S          |    0 |     0 |        24 |  0.00 |
| HPIOB_SNGL       |    3 |     3 |        12 | 25.00 |
|   INPUT          |    0 |       |           |       |
|   OUTPUT         |    1 |       |           |       |
|   BIDIR          |    2 |       |           |       |
| HPIOBDIFFINBUF   |   49 |    49 |        96 | 51.04 |
|   DIFFINBUF      |   49 |    49 |           |       |
| HPIOBDIFFOUTBUF  |    0 |     0 |        96 |  0.00 |
| HDIOBDIFFINBUF   |    0 |     0 |        60 |  0.00 |
| BITSLICE_CONTROL |   19 |     0 |        32 | 59.38 |
| BITSLICE_RX_TX   |   45 |    45 |       208 | 21.63 |
|   ISERDES        |   45 |    45 |           |       |
| BITSLICE_TX      |    0 |     0 |        32 |  0.00 |
| RIU_OR           |    0 |     0 |        16 |  0.00 |
+------------------+------+-------+-----------+-------+


6. CLOCK
--------

+----------------------+------+-------+-----------+-------+
|       Site Type      | Used | Fixed | Available | Util% |
+----------------------+------+-------+-----------+-------+
| GLOBAL CLOCK BUFFERs |   18 |     0 |       404 |  4.46 |
|   BUFGCE             |   10 |     0 |       116 |  8.62 |
|   BUFGCE_DIV         |    5 |     0 |        16 | 31.25 |
|   BUFG_GT            |    0 |     0 |       168 |  0.00 |
|   BUFG_PS            |    3 |     0 |        72 |  4.17 |
|   BUFGCTRL*          |    0 |     0 |        32 |  0.00 |
| PLL                  |    0 |     0 |         8 |  0.00 |
| MMCM                 |    3 |     0 |         4 | 75.00 |
+----------------------+------+-------+-----------+-------+
* Note: Each used BUFGCTRL counts as two GLOBAL CLOCK BUFFERs. This table does not include global clocking resources, only buffer cell usage. See the Clock Utilization Report (report_clock_utilization) for detailed accounting of global clocking resource availability.


7. ADVANCED
-----------

+-----------------+------+-------+-----------+--------+
|    Site Type    | Used | Fixed | Available |  Util% |
+-----------------+------+-------+-----------+--------+
| GTHE4_CHANNEL   |    0 |     0 |        16 |   0.00 |
| GTHE4_COMMON    |    0 |     0 |         4 |   0.00 |
| OBUFDS_GTE4     |    0 |     0 |         8 |   0.00 |
| OBUFDS_GTE4_ADV |    0 |     0 |         8 |   0.00 |
| PS8             |    1 |     0 |         1 | 100.00 |
| SYSMONE4        |    1 |     1 |         1 | 100.00 |
+-----------------+------+-------+-----------+--------+


8. CONFIGURATION
----------------

+-------------+------+-------+-----------+-------+
|  Site Type  | Used | Fixed | Available | Util% |
+-------------+------+-------+-----------+-------+
| BSCANE2     |    1 |     0 |         4 | 25.00 |
| DNA_PORTE2  |    0 |     0 |         1 |  0.00 |
| EFUSE_USR   |    0 |     0 |         1 |  0.00 |
| FRAME_ECCE4 |    0 |     0 |         1 |  0.00 |
| ICAPE3      |    0 |     0 |         2 |  0.00 |
| MASTER_JTAG |    0 |     0 |         1 |  0.00 |
| STARTUPE3   |    0 |     0 |         1 |  0.00 |
+-------------+------+-------+-----------+-------+


9. Primitives
-------------

+------------+-------+---------------------+
|  Ref Name  |  Used | Functional Category |
+------------+-------+---------------------+
| FDRE       | 56464 |            Register |
| LUT6       | 16486 |                 CLB |
| LUT3       |  8171 |                 CLB |
| LUT4       |  6409 |                 CLB |
| SRLC32E    |  5199 |                 CLB |
| SRL16E     |  5161 |                 CLB |
| LUT5       |  4542 |                 CLB |
| LUT2       |  3946 |                 CLB |
| RAMD32     |  3676 |                 CLB |
| MUXF7      |  2093 |                 CLB |
| FDSE       |  1259 |            Register |
| LUT1       |  1086 |                 CLB |
| MUXF8      |   802 |                 CLB |
| FDCE       |   667 |            Register |
| CARRY8     |   621 |                 CLB |
| RAMS32     |   524 |                 CLB |
| RAMB36E2   |   348 |           Block Ram |
| FDPE       |   206 |            Register |
| IBUFCTRL   |    54 |              Others |
| DIFFINBUF  |    49 |                 I/O |
| ISERDESE3  |    45 |                 I/O |
| IDELAYE3   |    45 |                 I/O |
| SRLC16E    |    20 |                 CLB |
| IDELAYCTRL |    19 |                 I/O |
| BUFGCE     |    10 |               Clock |
| OBUF       |     8 |                 I/O |
| RAMB18E2   |     7 |           Block Ram |
| OBUFT      |     5 |                 I/O |
| INBUF      |     5 |                 I/O |
| BUFGCE_DIV |     5 |               Clock |
| MMCME4_ADV |     3 |               Clock |
| BUFG_PS    |     3 |               Clock |
| SYSMONE4   |     1 |            Advanced |
| PS8        |     1 |            Advanced |
| BSCANE2    |     1 |       Configuration |
+------------+-------+---------------------+


10. Black Boxes
---------------

+----------+------+
| Ref Name | Used |
+----------+------+


11. Instantiated Netlists
-------------------------

+--------------------+------+
|      Ref Name      | Used |
+--------------------+------+
| clk_wiz_0_b65_mmcm |    3 |
| u_ila_5            |    2 |
| u_ila_0            |    2 |
| u_ila_4            |    1 |
| u_ila_3            |    1 |
| u_ila_1            |    1 |
| dbg_hub            |    1 |
+--------------------+------+


