Copyright 1986-2020 Xilinx, Inc. All Rights Reserved.
---------------------------------------------------------------------------------------------------------------
| Tool Version : Vivado v.2020.1 (win64) Build 2902540 Wed May 27 19:54:49 MDT 2020
| Date         : Tue Oct  6 16:09:06 2020
| Host         : edev3 running 64-bit major release  (build 9200)
| Command      : report_utilization -file system_top_utilization_synth.rpt -pb system_top_utilization_synth.pb
| Design       : system_top
| Device       : xczu6egffvc900-1
| Design State : Synthesized
---------------------------------------------------------------------------------------------------------------

Utilization Design Information

Table of Contents
-----------------
1. CLB Logic
1.1 Summary of Registers by Type
2. BLOCKRAM
3. ARITHMETIC
4. I/O
5. CLOCK
6. ADVANCED
7. CONFIGURATION
8. Primitives
9. Black Boxes
10. Instantiated Netlists

1. CLB Logic
------------

+----------------------------+-------+-------+-----------+-------+
|          Site Type         |  Used | Fixed | Available | Util% |
+----------------------------+-------+-------+-----------+-------+
| CLB LUTs*                  |  8903 |     0 |    214604 |  4.15 |
|   LUT as Logic             |  7142 |     0 |    214604 |  3.33 |
|   LUT as Memory            |  1761 |     0 |    144000 |  1.22 |
|     LUT as Distributed RAM |  1300 |     0 |           |       |
|     LUT as Shift Register  |   461 |     0 |           |       |
| CLB Registers              | 12957 |     0 |    429208 |  3.02 |
|   Register as Flip Flop    | 12957 |     0 |    429208 |  3.02 |
|   Register as Latch        |     0 |     0 |    429208 |  0.00 |
| CARRY8                     |    40 |     0 |     34260 |  0.12 |
| F7 Muxes                   |    15 |     0 |    137040 |  0.01 |
| F8 Muxes                   |     0 |     0 |     68520 |  0.00 |
| F9 Muxes                   |     0 |     0 |     34260 |  0.00 |
+----------------------------+-------+-------+-----------+-------+
* Warning! The Final LUT count, after physical optimizations and full implementation, is typically lower. Run opt_design after synthesis, if not already completed, for a more realistic count.


1.1 Summary of Registers by Type
--------------------------------

+-------+--------------+-------------+--------------+
| Total | Clock Enable | Synchronous | Asynchronous |
+-------+--------------+-------------+--------------+
| 0     |            _ |           - |            - |
| 0     |            _ |           - |          Set |
| 0     |            _ |           - |        Reset |
| 0     |            _ |         Set |            - |
| 0     |            _ |       Reset |            - |
| 0     |          Yes |           - |            - |
| 0     |          Yes |           - |          Set |
| 0     |          Yes |           - |        Reset |
| 457   |          Yes |         Set |            - |
| 12500 |          Yes |       Reset |            - |
+-------+--------------+-------------+--------------+


2. BLOCKRAM
-----------

+-------------------+------+-------+-----------+-------+
|     Site Type     | Used | Fixed | Available | Util% |
+-------------------+------+-------+-----------+-------+
| Block RAM Tile    |    2 |     0 |       714 |  0.28 |
|   RAMB36/FIFO*    |    2 |     0 |       714 |  0.28 |
|     RAMB36E2 only |    2 |       |           |       |
|   RAMB18          |    0 |     0 |      1428 |  0.00 |
+-------------------+------+-------+-----------+-------+
* Note: Each Block RAM Tile only has one FIFO logic available and therefore can accommodate only one FIFO36E2 or one FIFO18E2. However, if a FIFO18E2 occupies a Block RAM Tile, that tile can still accommodate a RAMB18E2


3. ARITHMETIC
-------------

+-----------+------+-------+-----------+-------+
| Site Type | Used | Fixed | Available | Util% |
+-----------+------+-------+-----------+-------+
| DSPs      |    0 |     0 |      1973 |  0.00 |
+-----------+------+-------+-----------+-------+


4. I/O
------

+------------+------+-------+-----------+-------+
|  Site Type | Used | Fixed | Available | Util% |
+------------+------+-------+-----------+-------+
| Bonded IOB |   17 |     0 |       204 |  8.33 |
+------------+------+-------+-----------+-------+


5. CLOCK
--------

+----------------------+------+-------+-----------+-------+
|       Site Type      | Used | Fixed | Available | Util% |
+----------------------+------+-------+-----------+-------+
| GLOBAL CLOCK BUFFERs |    2 |     0 |       404 |  0.50 |
|   BUFGCE             |    0 |     0 |       116 |  0.00 |
|   BUFGCE_DIV         |    0 |     0 |        16 |  0.00 |
|   BUFG_GT            |    0 |     0 |       168 |  0.00 |
|   BUFG_PS            |    2 |     0 |        72 |  2.78 |
|   BUFGCTRL*          |    0 |     0 |        32 |  0.00 |
| PLL                  |    0 |     0 |         8 |  0.00 |
| MMCM                 |    0 |     0 |         4 |  0.00 |
+----------------------+------+-------+-----------+-------+
* Note: Each used BUFGCTRL counts as two GLOBAL CLOCK BUFFERs. This table does not include global clocking resources, only buffer cell usage. See the Clock Utilization Report (report_clock_utilization) for detailed accounting of global clocking resource availability.


6. ADVANCED
-----------

+-----------------+------+-------+-----------+--------+
|    Site Type    | Used | Fixed | Available |  Util% |
+-----------------+------+-------+-----------+--------+
| GTHE4_CHANNEL   |    0 |     0 |        16 |   0.00 |
| GTHE4_COMMON    |    0 |     0 |         4 |   0.00 |
| OBUFDS_GTE4     |    0 |     0 |         8 |   0.00 |
| OBUFDS_GTE4_ADV |    0 |     0 |         8 |   0.00 |
| PS8             |    1 |     0 |         1 | 100.00 |
| SYSMONE4        |    1 |     0 |         1 | 100.00 |
+-----------------+------+-------+-----------+--------+


7. CONFIGURATION
----------------

+-------------+------+-------+-----------+-------+
|  Site Type  | Used | Fixed | Available | Util% |
+-------------+------+-------+-----------+-------+
| BSCANE2     |    0 |     0 |         4 |  0.00 |
| DNA_PORTE2  |    0 |     0 |         1 |  0.00 |
| EFUSE_USR   |    0 |     0 |         1 |  0.00 |
| FRAME_ECCE4 |    0 |     0 |         1 |  0.00 |
| ICAPE3      |    0 |     0 |         2 |  0.00 |
| MASTER_JTAG |    0 |     0 |         1 |  0.00 |
| STARTUPE3   |    0 |     0 |         1 |  0.00 |
+-------------+------+-------+-----------+-------+


8. Primitives
-------------

+----------+-------+---------------------+
| Ref Name |  Used | Functional Category |
+----------+-------+---------------------+
| FDRE     | 12500 |            Register |
| LUT3     |  3364 |                 CLB |
| RAMD32   |  2260 |                 CLB |
| LUT6     |  1966 |                 CLB |
| LUT5     |  1320 |                 CLB |
| LUT4     |  1253 |                 CLB |
| LUT1     |   819 |                 CLB |
| LUT2     |   757 |                 CLB |
| FDSE     |   457 |            Register |
| RAMS32   |   320 |                 CLB |
| SRL16E   |   308 |                 CLB |
| SRLC32E  |   153 |                 CLB |
| CARRY8   |    40 |                 CLB |
| MUXF7    |    15 |                 CLB |
| OBUFT    |     9 |                 I/O |
| INBUF    |     9 |                 I/O |
| IBUFCTRL |     9 |              Others |
| OBUF     |     8 |                 I/O |
| RAMB36E2 |     2 |           Block Ram |
| BUFG_PS  |     2 |               Clock |
| SYSMONE4 |     1 |            Advanced |
| PS8      |     1 |            Advanced |
+----------+-------+---------------------+


9. Black Boxes
--------------

+----------+------+
| Ref Name | Used |
+----------+------+


10. Instantiated Netlists
-------------------------

+----------+------+
| Ref Name | Used |
+----------+------+


